2022-06-12 20:33:45.981  INFO 18676 --- [restartedMain] com.jhm.JavaeecoursedesignApplication    : Starting JavaeecoursedesignApplication on LAPTOP-1SGBTK06 with PID 18676 (F:\编程\IntelliJ IDEA 2019.3.3\javaeecoursedesign\target\classes started by jhm in F:\编程\IntelliJ IDEA 2019.3.3\javaeecoursedesign)
2022-06-12 20:33:45.989 DEBUG 18676 --- [restartedMain] com.jhm.JavaeecoursedesignApplication    : Running with Spring Boot v2.3.7.RELEASE, Spring v5.2.12.RELEASE
2022-06-12 20:33:45.990  INFO 18676 --- [restartedMain] com.jhm.JavaeecoursedesignApplication    : No active profile set, falling back to default profiles: default
2022-06-12 20:33:46.068  INFO 18676 --- [restartedMain] .e.DevToolsPropertyDefaultsPostProcessor : Devtools property defaults active! Set 'spring.devtools.add-properties' to 'false' to disable
2022-06-12 20:33:46.069  INFO 18676 --- [restartedMain] .e.DevToolsPropertyDefaultsPostProcessor : For additional web related logging consider setting the 'logging.level.web' property to 'DEBUG'
2022-06-12 20:33:47.601  INFO 18676 --- [restartedMain] o.s.b.w.embedded.tomcat.TomcatWebServer  : Tomcat initialized with port(s): 80 (http)
2022-06-12 20:33:47.609  INFO 18676 --- [restartedMain] o.apache.catalina.core.StandardService   : Starting service [Tomcat]
2022-06-12 20:33:47.609  INFO 18676 --- [restartedMain] org.apache.catalina.core.StandardEngine  : Starting Servlet engine: [Apache Tomcat/9.0.41]
2022-06-12 20:33:47.743  INFO 18676 --- [restartedMain] o.a.c.c.C.[Tomcat].[localhost].[/]       : Initializing Spring embedded WebApplicationContext
2022-06-12 20:33:47.744  INFO 18676 --- [restartedMain] w.s.c.ServletWebServerApplicationContext : Root WebApplicationContext: initialization completed in 1674 ms
2022-06-12 20:33:48.489  INFO 18676 --- [restartedMain] o.s.s.concurrent.ThreadPoolTaskExecutor  : Initializing ExecutorService 'applicationTaskExecutor'
2022-06-12 20:33:48.564  INFO 18676 --- [restartedMain] o.s.b.a.w.s.WelcomePageHandlerMapping    : Adding welcome page template: index
2022-06-12 20:33:48.886  INFO 18676 --- [restartedMain] o.s.b.d.a.OptionalLiveReloadServer       : LiveReload server is running on port 35729
2022-06-12 20:33:48.933  INFO 18676 --- [restartedMain] o.s.b.w.embedded.tomcat.TomcatWebServer  : Tomcat started on port(s): 80 (http) with context path ''
2022-06-12 20:33:48.943  INFO 18676 --- [restartedMain] com.jhm.JavaeecoursedesignApplication    : Started JavaeecoursedesignApplication in 3.461 seconds (JVM running for 5.127)
2022-06-12 20:35:57.517  INFO 18676 --- [http-nio-80-exec-1] o.a.c.c.C.[Tomcat].[localhost].[/]       : Initializing Spring DispatcherServlet 'dispatcherServlet'
2022-06-12 20:35:57.517  INFO 18676 --- [http-nio-80-exec-1] o.s.web.servlet.DispatcherServlet        : Initializing Servlet 'dispatcherServlet'
2022-06-12 20:35:57.526  INFO 18676 --- [http-nio-80-exec-1] o.s.web.servlet.DispatcherServlet        : Completed initialization in 9 ms
2022-06-12 20:35:57.553  INFO 18676 --- [http-nio-80-exec-1] com.jhm.aspect.LogAspect                 : Request : RequestLog{url='http://localhost/', ip='0:0:0:0:0:0:0:1', classMethod='com.jhm.controller.IndexController.index', args=[1, {}]}
2022-06-12 20:35:57.636  INFO 18676 --- [http-nio-80-exec-1] com.alibaba.druid.pool.DruidDataSource   : {dataSource-1} inited
2022-06-12 20:35:58.285 DEBUG 18676 --- [http-nio-80-exec-1] com.jhm.dao.BlogDao.getIndexBlog_COUNT   : ==>  Preparing: SELECT count(0) FROM t_blog b, t_type t, t_user u WHERE b.type_id = t.id AND u.id = b.user_id
2022-06-12 20:35:58.307 DEBUG 18676 --- [http-nio-80-exec-1] com.jhm.dao.BlogDao.getIndexBlog_COUNT   : ==> Parameters: 
2022-06-12 20:35:58.406 DEBUG 18676 --- [http-nio-80-exec-1] com.jhm.dao.BlogDao.getIndexBlog_COUNT   : <==      Total: 1
2022-06-12 20:35:58.410 DEBUG 18676 --- [http-nio-80-exec-1] com.jhm.dao.BlogDao.getIndexBlog         : ==>  Preparing: select b.id, b.title, b.picture, b.views, b.update_time, b.description, t.name typename, t.id typeid,u.nickname, u.avatar from t_blog b, t_type t, t_user u where b.type_id = t.id and u.id = b.user_id order by b.update_time desc LIMIT ?
2022-06-12 20:35:58.411 DEBUG 18676 --- [http-nio-80-exec-1] com.jhm.dao.BlogDao.getIndexBlog         : ==> Parameters: 5(Integer)
2022-06-12 20:35:58.432 DEBUG 18676 --- [http-nio-80-exec-1] com.jhm.dao.BlogDao.getIndexBlog         : <==      Total: 5
2022-06-12 20:35:58.435 DEBUG 18676 --- [http-nio-80-exec-1] com.jhm.dao.TypeDao.getBlogType          : ==>  Preparing: select t.id id, t.name, b.id bid, b.title, b.type_id from t_type t,t_blog b where t.id=b.type_id;
2022-06-12 20:35:58.436 DEBUG 18676 --- [http-nio-80-exec-1] com.jhm.dao.TypeDao.getBlogType          : ==> Parameters: 
2022-06-12 20:35:58.438 DEBUG 18676 --- [http-nio-80-exec-1] com.jhm.dao.TypeDao.getBlogType          : <==      Total: 5
2022-06-12 20:35:58.441 DEBUG 18676 --- [http-nio-80-exec-1] com.jhm.dao.TagDao.getBlogTag            : ==>  Preparing: select * from t_tag t, t_blog b, t_blog_tags bt where t.id = bt.tag_id and b.id = bt.blog_id
2022-06-12 20:35:58.441 DEBUG 18676 --- [http-nio-80-exec-1] com.jhm.dao.TagDao.getBlogTag            : ==> Parameters: 
2022-06-12 20:35:58.448 DEBUG 18676 --- [http-nio-80-exec-1] com.jhm.dao.TagDao.getBlogTag            : <==      Total: 6
2022-06-12 20:35:58.449 DEBUG 18676 --- [http-nio-80-exec-1] c.jhm.dao.BlogDao.findAllRecommendBlog   : ==>  Preparing: select id,title,recommend from t_blog order by update_time desc;
2022-06-12 20:35:58.449 DEBUG 18676 --- [http-nio-80-exec-1] c.jhm.dao.BlogDao.findAllRecommendBlog   : ==> Parameters: 
2022-06-12 20:35:58.453 DEBUG 18676 --- [http-nio-80-exec-1] c.jhm.dao.BlogDao.findAllRecommendBlog   : <==      Total: 5
2022-06-12 20:35:58.453  INFO 18676 --- [http-nio-80-exec-1] com.jhm.aspect.LogAspect                 : Result:index
2022-06-12 20:36:04.176  INFO 18676 --- [http-nio-80-exec-2] com.jhm.aspect.LogAspect                 : Request : RequestLog{url='http://localhost/blog/1', ip='0:0:0:0:0:0:0:1', classMethod='com.jhm.controller.IndexController.blog', args=[1, {}]}
2022-06-12 20:36:04.179 DEBUG 18676 --- [http-nio-80-exec-2] com.jhm.dao.BlogDao.getDetailedBlog      : ==>  Preparing: /*前台博客详情*/ select b.id, b.picture, b.flag, b.title, b.content, b.views, b.update_time,b.commented, b.copyright, b.appreciation, u.nickname, u.avatar, tag.id tagid, tag.name tagname from t_blog b, t_user u, t_tag tag, t_blog_tags tb where b.user_id = u.id and tb.blog_id = b.id and tb.tag_id = tag.id and b.id = ?
2022-06-12 20:36:04.179 DEBUG 18676 --- [http-nio-80-exec-2] com.jhm.dao.BlogDao.getDetailedBlog      : ==> Parameters: 1(Long)
2022-06-12 20:36:04.185 DEBUG 18676 --- [http-nio-80-exec-2] com.jhm.dao.BlogDao.getDetailedBlog      : <==      Total: 1
2022-06-12 20:36:04.222 DEBUG 18676 --- [http-nio-80-exec-2] c.j.d.C.findByBlogIdAndParentCommentNull : ==>  Preparing: select * from t_comment c, t_blog b where c.blog_id = b.id and c.blog_id = ? order by c.create_time desc
2022-06-12 20:36:04.222 DEBUG 18676 --- [http-nio-80-exec-2] c.j.d.C.findByBlogIdAndParentCommentNull : ==> Parameters: 1(Long)
2022-06-12 20:36:04.230 DEBUG 18676 --- [http-nio-80-exec-2] c.j.d.C.findByBlogIdAndParentCommentNull : <==      Total: 6
2022-06-12 20:36:04.230  INFO 18676 --- [http-nio-80-exec-2] com.jhm.aspect.LogAspect                 : Result:blog
2022-06-12 20:38:28.508  INFO 18676 --- [http-nio-80-exec-2] com.jhm.aspect.LogAspect                 : Request : RequestLog{url='http://localhost/types/-1', ip='0:0:0:0:0:0:0:1', classMethod='com.jhm.controller.TypeShowController.types', args=[-1, 1, {}]}
2022-06-12 20:38:28.518 DEBUG 18676 --- [http-nio-80-exec-2] com.jhm.dao.TypeDao.getBlogType          : ==>  Preparing: select t.id id, t.name, b.id bid, b.title, b.type_id from t_type t,t_blog b where t.id=b.type_id;
2022-06-12 20:38:28.518 DEBUG 18676 --- [http-nio-80-exec-2] com.jhm.dao.TypeDao.getBlogType          : ==> Parameters: 
2022-06-12 20:38:28.520 DEBUG 18676 --- [http-nio-80-exec-2] com.jhm.dao.TypeDao.getBlogType          : <==      Total: 5
2022-06-12 20:38:28.523 DEBUG 18676 --- [http-nio-80-exec-2] com.jhm.dao.BlogDao.getByTypeId_COUNT    : ==>  Preparing: SELECT count(0) FROM t_blog b, t_type t, t_user u WHERE b.type_id = t.id AND u.id = b.user_id AND b.type_id = ?
2022-06-12 20:38:28.524 DEBUG 18676 --- [http-nio-80-exec-2] com.jhm.dao.BlogDao.getByTypeId_COUNT    : ==> Parameters: 1(Long)
2022-06-12 20:38:28.526 DEBUG 18676 --- [http-nio-80-exec-2] com.jhm.dao.BlogDao.getByTypeId_COUNT    : <==      Total: 1
2022-06-12 20:38:28.527 DEBUG 18676 --- [http-nio-80-exec-2] com.jhm.dao.BlogDao.getByTypeId          : ==>  Preparing: select b.id, b.title, b.picture, b.views, b.update_time, b.description, t.name typename, t.id typeid, u.nickname, u.avatar from t_blog b, t_type t, t_user u where b.type_id = t.id and u.id = b.user_id and b.type_id = ? order by b.update_time desc LIMIT ?
2022-06-12 20:38:28.527 DEBUG 18676 --- [http-nio-80-exec-2] com.jhm.dao.BlogDao.getByTypeId          : ==> Parameters: 1(Long), 5(Integer)
2022-06-12 20:38:28.531 DEBUG 18676 --- [http-nio-80-exec-2] com.jhm.dao.BlogDao.getByTypeId          : <==      Total: 2
2022-06-12 20:38:28.532  INFO 18676 --- [http-nio-80-exec-2] com.jhm.aspect.LogAspect                 : Result:types
2022-06-12 20:38:48.739  INFO 18676 --- [http-nio-80-exec-8] com.jhm.aspect.LogAspect                 : Request : RequestLog{url='http://localhost/admin', ip='0:0:0:0:0:0:0:1', classMethod='com.jhm.controller.admin.LoginController.loginPage', args=[]}
2022-06-12 20:38:48.742  INFO 18676 --- [http-nio-80-exec-8] com.jhm.aspect.LogAspect                 : Result:admin/login
2022-06-12 20:38:55.564  INFO 18676 --- [http-nio-80-exec-3] com.jhm.aspect.LogAspect                 : Request : RequestLog{url='http://localhost/admin/login', ip='0:0:0:0:0:0:0:1', classMethod='com.jhm.controller.admin.LoginController.login', args=[jhm, 123456, org.apache.catalina.session.StandardSessionFacade@68d777ec, {}]}
2022-06-12 20:38:55.571 DEBUG 18676 --- [http-nio-80-exec-3] c.j.d.UserDao.findByUsernameAndPassword  : ==>  Preparing: select * from t_user where username=? and password=?
2022-06-12 20:38:55.572 DEBUG 18676 --- [http-nio-80-exec-3] c.j.d.UserDao.findByUsernameAndPassword  : ==> Parameters: jhm(String), 123456(String)
2022-06-12 20:38:55.574 DEBUG 18676 --- [http-nio-80-exec-3] c.j.d.UserDao.findByUsernameAndPassword  : <==      Total: 1
2022-06-12 20:38:55.577  INFO 18676 --- [http-nio-80-exec-3] com.jhm.aspect.LogAspect                 : Result:admin/index
2022-06-12 20:38:56.862  INFO 18676 --- [http-nio-80-exec-8] com.jhm.aspect.LogAspect                 : Request : RequestLog{url='http://localhost/admin/admin;jsessionid=B508BBB49A46DD64593385D96E49E024', ip='0:0:0:0:0:0:0:1', classMethod='com.jhm.controller.admin.BlogController.blogs', args=[1, {}]}
2022-06-12 20:38:56.870 DEBUG 18676 --- [http-nio-80-exec-8] com.jhm.dao.BlogDao.getAll_COUNT         : ==>  Preparing: SELECT count(0) FROM t_blog b, t_type t WHERE b.type_id = t.id
2022-06-12 20:38:56.870 DEBUG 18676 --- [http-nio-80-exec-8] com.jhm.dao.BlogDao.getAll_COUNT         : ==> Parameters: 
2022-06-12 20:38:56.871 DEBUG 18676 --- [http-nio-80-exec-8] com.jhm.dao.BlogDao.getAll_COUNT         : <==      Total: 1
2022-06-12 20:38:56.872 DEBUG 18676 --- [http-nio-80-exec-8] com.jhm.dao.BlogDao.getAll               : ==>  Preparing: select b.*,t.name typename from t_blog b,t_type t where b.type_id=t.id LIMIT ?
2022-06-12 20:38:56.872 DEBUG 18676 --- [http-nio-80-exec-8] com.jhm.dao.BlogDao.getAll               : ==> Parameters: 5(Integer)
2022-06-12 20:38:56.878 DEBUG 18676 --- [http-nio-80-exec-8] com.jhm.dao.BlogDao.getAll               : <==      Total: 5
2022-06-12 20:38:56.879 DEBUG 18676 --- [http-nio-80-exec-8] com.jhm.dao.TypeDao.findAll              : ==>  Preparing: select * from t_type
2022-06-12 20:38:56.879 DEBUG 18676 --- [http-nio-80-exec-8] com.jhm.dao.TypeDao.findAll              : ==> Parameters: 
2022-06-12 20:38:56.881 DEBUG 18676 --- [http-nio-80-exec-8] com.jhm.dao.TypeDao.findAll              : <==      Total: 7
2022-06-12 20:38:56.882  INFO 18676 --- [http-nio-80-exec-8] com.jhm.aspect.LogAspect                 : Result:admin/admin
2022-06-12 20:38:58.718  INFO 18676 --- [http-nio-80-exec-5] com.jhm.aspect.LogAspect                 : Request : RequestLog{url='http://localhost/admin/admin/1/input', ip='0:0:0:0:0:0:0:1', classMethod='com.jhm.controller.admin.BlogController.gotoEditBlogPage', args=[{}, 1]}
2022-06-12 20:38:58.719 DEBUG 18676 --- [http-nio-80-exec-5] com.jhm.dao.BlogDao.findBlogWithTag      : ==>  Preparing: select * from t_blog where id=?
2022-06-12 20:38:58.719 DEBUG 18676 --- [http-nio-80-exec-5] com.jhm.dao.BlogDao.findBlogWithTag      : ==> Parameters: 1(Long)
2022-06-12 20:38:58.723 DEBUG 18676 --- [http-nio-80-exec-5] com.jhm.dao.TagDao.findTagById           : ====>  Preparing: select * from t_tag where id in(select tag_id from t_blog_tags where blog_id=?)
2022-06-12 20:38:58.723 DEBUG 18676 --- [http-nio-80-exec-5] com.jhm.dao.TagDao.findTagById           : ====> Parameters: 1(Long)
2022-06-12 20:38:58.726 DEBUG 18676 --- [http-nio-80-exec-5] com.jhm.dao.TagDao.findTagById           : <====      Total: 1
2022-06-12 20:38:58.727 DEBUG 18676 --- [http-nio-80-exec-5] com.jhm.dao.BlogDao.findBlogWithTag      : <==      Total: 1
2022-06-12 20:38:58.728 DEBUG 18676 --- [http-nio-80-exec-5] com.jhm.dao.BlogDao.findBlogWithTag      : ==>  Preparing: select * from t_blog where id=?
2022-06-12 20:38:58.728 DEBUG 18676 --- [http-nio-80-exec-5] com.jhm.dao.BlogDao.findBlogWithTag      : ==> Parameters: 1(Long)
2022-06-12 20:38:58.731 DEBUG 18676 --- [http-nio-80-exec-5] com.jhm.dao.TagDao.findTagById           : ====>  Preparing: select * from t_tag where id in(select tag_id from t_blog_tags where blog_id=?)
2022-06-12 20:38:58.732 DEBUG 18676 --- [http-nio-80-exec-5] com.jhm.dao.TagDao.findTagById           : ====> Parameters: 1(Long)
2022-06-12 20:38:58.733 DEBUG 18676 --- [http-nio-80-exec-5] com.jhm.dao.TagDao.findTagById           : <====      Total: 1
2022-06-12 20:38:58.734 DEBUG 18676 --- [http-nio-80-exec-5] com.jhm.dao.BlogDao.findBlogWithTag      : <==      Total: 1
2022-06-12 20:38:58.734 DEBUG 18676 --- [http-nio-80-exec-5] com.jhm.dao.TypeDao.findAll              : ==>  Preparing: select * from t_type
2022-06-12 20:38:58.734 DEBUG 18676 --- [http-nio-80-exec-5] com.jhm.dao.TypeDao.findAll              : ==> Parameters: 
2022-06-12 20:38:58.736 DEBUG 18676 --- [http-nio-80-exec-5] com.jhm.dao.TypeDao.findAll              : <==      Total: 7
2022-06-12 20:38:58.736 DEBUG 18676 --- [http-nio-80-exec-5] com.jhm.dao.TagDao.findAll               : ==>  Preparing: select * from t_tag
2022-06-12 20:38:58.737 DEBUG 18676 --- [http-nio-80-exec-5] com.jhm.dao.TagDao.findAll               : ==> Parameters: 
2022-06-12 20:38:58.738 DEBUG 18676 --- [http-nio-80-exec-5] com.jhm.dao.TagDao.findAll               : <==      Total: 3
2022-06-12 20:38:58.738  INFO 18676 --- [http-nio-80-exec-5] com.jhm.aspect.LogAspect                 : Result:admin/admin-input
2022-06-12 20:39:06.450  INFO 18676 --- [http-nio-80-exec-6] com.jhm.aspect.LogAspect                 : Request : RequestLog{url='http://localhost/admin/admin/23/input', ip='0:0:0:0:0:0:0:1', classMethod='com.jhm.controller.admin.BlogController.gotoEditBlogPage', args=[{}, 23]}
2022-06-12 20:39:06.451 DEBUG 18676 --- [http-nio-80-exec-6] com.jhm.dao.BlogDao.findBlogWithTag      : ==>  Preparing: select * from t_blog where id=?
2022-06-12 20:39:06.451 DEBUG 18676 --- [http-nio-80-exec-6] com.jhm.dao.BlogDao.findBlogWithTag      : ==> Parameters: 23(Long)
2022-06-12 20:39:06.453 DEBUG 18676 --- [http-nio-80-exec-6] com.jhm.dao.TagDao.findTagById           : ====>  Preparing: select * from t_tag where id in(select tag_id from t_blog_tags where blog_id=?)
2022-06-12 20:39:06.453 DEBUG 18676 --- [http-nio-80-exec-6] com.jhm.dao.TagDao.findTagById           : ====> Parameters: 23(Long)
2022-06-12 20:39:06.454 DEBUG 18676 --- [http-nio-80-exec-6] com.jhm.dao.TagDao.findTagById           : <====      Total: 1
2022-06-12 20:39:06.455 DEBUG 18676 --- [http-nio-80-exec-6] com.jhm.dao.BlogDao.findBlogWithTag      : <==      Total: 1
2022-06-12 20:39:06.455 DEBUG 18676 --- [http-nio-80-exec-6] com.jhm.dao.BlogDao.findBlogWithTag      : ==>  Preparing: select * from t_blog where id=?
2022-06-12 20:39:06.456 DEBUG 18676 --- [http-nio-80-exec-6] com.jhm.dao.BlogDao.findBlogWithTag      : ==> Parameters: 23(Long)
2022-06-12 20:39:06.457 DEBUG 18676 --- [http-nio-80-exec-6] com.jhm.dao.TagDao.findTagById           : ====>  Preparing: select * from t_tag where id in(select tag_id from t_blog_tags where blog_id=?)
2022-06-12 20:39:06.457 DEBUG 18676 --- [http-nio-80-exec-6] com.jhm.dao.TagDao.findTagById           : ====> Parameters: 23(Long)
2022-06-12 20:39:06.459 DEBUG 18676 --- [http-nio-80-exec-6] com.jhm.dao.TagDao.findTagById           : <====      Total: 1
2022-06-12 20:39:06.460 DEBUG 18676 --- [http-nio-80-exec-6] com.jhm.dao.BlogDao.findBlogWithTag      : <==      Total: 1
2022-06-12 20:39:06.460 DEBUG 18676 --- [http-nio-80-exec-6] com.jhm.dao.TypeDao.findAll              : ==>  Preparing: select * from t_type
2022-06-12 20:39:06.460 DEBUG 18676 --- [http-nio-80-exec-6] com.jhm.dao.TypeDao.findAll              : ==> Parameters: 
2022-06-12 20:39:06.462 DEBUG 18676 --- [http-nio-80-exec-6] com.jhm.dao.TypeDao.findAll              : <==      Total: 7
2022-06-12 20:39:06.462 DEBUG 18676 --- [http-nio-80-exec-6] com.jhm.dao.TagDao.findAll               : ==>  Preparing: select * from t_tag
2022-06-12 20:39:06.463 DEBUG 18676 --- [http-nio-80-exec-6] com.jhm.dao.TagDao.findAll               : ==> Parameters: 
2022-06-12 20:39:06.464 DEBUG 18676 --- [http-nio-80-exec-6] com.jhm.dao.TagDao.findAll               : <==      Total: 3
2022-06-12 20:39:06.464  INFO 18676 --- [http-nio-80-exec-6] com.jhm.aspect.LogAspect                 : Result:admin/admin-input
2022-06-12 20:40:27.378  INFO 18676 --- [http-nio-80-exec-6] com.jhm.aspect.LogAspect                 : Request : RequestLog{url='http://localhost/admin/admin', ip='0:0:0:0:0:0:0:1', classMethod='com.jhm.controller.admin.BlogController.blogs', args=[1, {}]}
2022-06-12 20:40:27.380 DEBUG 18676 --- [http-nio-80-exec-6] com.jhm.dao.BlogDao.getAll_COUNT         : ==>  Preparing: SELECT count(0) FROM t_blog b, t_type t WHERE b.type_id = t.id
2022-06-12 20:40:27.381 DEBUG 18676 --- [http-nio-80-exec-6] com.jhm.dao.BlogDao.getAll_COUNT         : ==> Parameters: 
2022-06-12 20:40:27.382 DEBUG 18676 --- [http-nio-80-exec-6] com.jhm.dao.BlogDao.getAll_COUNT         : <==      Total: 1
2022-06-12 20:40:27.382 DEBUG 18676 --- [http-nio-80-exec-6] com.jhm.dao.BlogDao.getAll               : ==>  Preparing: select b.*,t.name typename from t_blog b,t_type t where b.type_id=t.id LIMIT ?
2022-06-12 20:40:27.383 DEBUG 18676 --- [http-nio-80-exec-6] com.jhm.dao.BlogDao.getAll               : ==> Parameters: 5(Integer)
2022-06-12 20:40:27.388 DEBUG 18676 --- [http-nio-80-exec-6] com.jhm.dao.BlogDao.getAll               : <==      Total: 5
2022-06-12 20:40:27.388 DEBUG 18676 --- [http-nio-80-exec-6] com.jhm.dao.TypeDao.findAll              : ==>  Preparing: select * from t_type
2022-06-12 20:40:27.389 DEBUG 18676 --- [http-nio-80-exec-6] com.jhm.dao.TypeDao.findAll              : ==> Parameters: 
2022-06-12 20:40:27.390 DEBUG 18676 --- [http-nio-80-exec-6] com.jhm.dao.TypeDao.findAll              : <==      Total: 7
2022-06-12 20:40:27.391  INFO 18676 --- [http-nio-80-exec-6] com.jhm.aspect.LogAspect                 : Result:admin/admin
2022-06-12 20:41:39.243  INFO 18676 --- [http-nio-80-exec-1] com.jhm.aspect.LogAspect                 : Request : RequestLog{url='http://localhost/admin/types', ip='0:0:0:0:0:0:0:1', classMethod='com.jhm.controller.admin.TypeController.types', args=[1, {}]}
2022-06-12 20:41:39.247 DEBUG 18676 --- [http-nio-80-exec-1] com.jhm.dao.TypeDao.findAll_COUNT        : ==>  Preparing: SELECT count(0) FROM t_type
2022-06-12 20:41:39.248 DEBUG 18676 --- [http-nio-80-exec-1] com.jhm.dao.TypeDao.findAll_COUNT        : ==> Parameters: 
2022-06-12 20:41:39.252 DEBUG 18676 --- [http-nio-80-exec-1] com.jhm.dao.TypeDao.findAll_COUNT        : <==      Total: 1
2022-06-12 20:41:39.253 DEBUG 18676 --- [http-nio-80-exec-1] com.jhm.dao.TypeDao.findAll              : ==>  Preparing: select * from t_type LIMIT ?
2022-06-12 20:41:39.253 DEBUG 18676 --- [http-nio-80-exec-1] com.jhm.dao.TypeDao.findAll              : ==> Parameters: 5(Integer)
2022-06-12 20:41:39.255 DEBUG 18676 --- [http-nio-80-exec-1] com.jhm.dao.TypeDao.findAll              : <==      Total: 5
2022-06-12 20:41:39.256  INFO 18676 --- [http-nio-80-exec-1] com.jhm.aspect.LogAspect                 : Result:admin/types
2022-06-12 20:41:39.819  INFO 18676 --- [http-nio-80-exec-2] com.jhm.aspect.LogAspect                 : Request : RequestLog{url='http://localhost/admin/tags', ip='0:0:0:0:0:0:0:1', classMethod='com.jhm.controller.admin.TagController.tags', args=[1, {}]}
2022-06-12 20:41:39.823 DEBUG 18676 --- [http-nio-80-exec-2] com.jhm.dao.TagDao.getAllTag_COUNT       : ==>  Preparing: SELECT count(0) FROM t_tag
2022-06-12 20:41:39.823 DEBUG 18676 --- [http-nio-80-exec-2] com.jhm.dao.TagDao.getAllTag_COUNT       : ==> Parameters: 
2022-06-12 20:41:39.826 DEBUG 18676 --- [http-nio-80-exec-2] com.jhm.dao.TagDao.getAllTag_COUNT       : <==      Total: 1
2022-06-12 20:41:39.827 DEBUG 18676 --- [http-nio-80-exec-2] com.jhm.dao.TagDao.getAllTag             : ==>  Preparing: select * from t_tag LIMIT ?
2022-06-12 20:41:39.827 DEBUG 18676 --- [http-nio-80-exec-2] com.jhm.dao.TagDao.getAllTag             : ==> Parameters: 5(Integer)
2022-06-12 20:41:39.829 DEBUG 18676 --- [http-nio-80-exec-2] com.jhm.dao.TagDao.getAllTag             : <==      Total: 3
2022-06-12 20:41:39.830  INFO 18676 --- [http-nio-80-exec-2] com.jhm.aspect.LogAspect                 : Result:admin/tags
2022-06-12 20:41:40.324  INFO 18676 --- [http-nio-80-exec-3] com.jhm.aspect.LogAspect                 : Request : RequestLog{url='http://localhost/admin/admin', ip='0:0:0:0:0:0:0:1', classMethod='com.jhm.controller.admin.BlogController.blogs', args=[1, {}]}
2022-06-12 20:41:40.324 DEBUG 18676 --- [http-nio-80-exec-3] com.jhm.dao.BlogDao.getAll_COUNT         : ==>  Preparing: SELECT count(0) FROM t_blog b, t_type t WHERE b.type_id = t.id
2022-06-12 20:41:40.324 DEBUG 18676 --- [http-nio-80-exec-3] com.jhm.dao.BlogDao.getAll_COUNT         : ==> Parameters: 
2022-06-12 20:41:40.325 DEBUG 18676 --- [http-nio-80-exec-3] com.jhm.dao.BlogDao.getAll_COUNT         : <==      Total: 1
2022-06-12 20:41:40.326 DEBUG 18676 --- [http-nio-80-exec-3] com.jhm.dao.BlogDao.getAll               : ==>  Preparing: select b.*,t.name typename from t_blog b,t_type t where b.type_id=t.id LIMIT ?
2022-06-12 20:41:40.326 DEBUG 18676 --- [http-nio-80-exec-3] com.jhm.dao.BlogDao.getAll               : ==> Parameters: 5(Integer)
2022-06-12 20:41:40.329 DEBUG 18676 --- [http-nio-80-exec-3] com.jhm.dao.BlogDao.getAll               : <==      Total: 5
2022-06-12 20:41:40.330 DEBUG 18676 --- [http-nio-80-exec-3] com.jhm.dao.TypeDao.findAll              : ==>  Preparing: select * from t_type
2022-06-12 20:41:40.330 DEBUG 18676 --- [http-nio-80-exec-3] com.jhm.dao.TypeDao.findAll              : ==> Parameters: 
2022-06-12 20:41:40.331 DEBUG 18676 --- [http-nio-80-exec-3] com.jhm.dao.TypeDao.findAll              : <==      Total: 7
2022-06-12 20:41:40.332  INFO 18676 --- [http-nio-80-exec-3] com.jhm.aspect.LogAspect                 : Result:admin/admin
2022-06-12 20:43:21.228  INFO 18676 --- [http-nio-80-exec-1] com.jhm.aspect.LogAspect                 : Request : RequestLog{url='http://localhost/', ip='0:0:0:0:0:0:0:1', classMethod='com.jhm.controller.IndexController.index', args=[1, {}]}
2022-06-12 20:43:21.233 DEBUG 18676 --- [http-nio-80-exec-1] com.jhm.dao.BlogDao.getIndexBlog_COUNT   : ==>  Preparing: SELECT count(0) FROM t_blog b, t_type t, t_user u WHERE b.type_id = t.id AND u.id = b.user_id
2022-06-12 20:43:21.233 DEBUG 18676 --- [http-nio-80-exec-1] com.jhm.dao.BlogDao.getIndexBlog_COUNT   : ==> Parameters: 
2022-06-12 20:43:21.235 DEBUG 18676 --- [http-nio-80-exec-1] com.jhm.dao.BlogDao.getIndexBlog_COUNT   : <==      Total: 1
2022-06-12 20:43:21.235 DEBUG 18676 --- [http-nio-80-exec-1] com.jhm.dao.BlogDao.getIndexBlog         : ==>  Preparing: select b.id, b.title, b.picture, b.views, b.update_time, b.description, t.name typename, t.id typeid,u.nickname, u.avatar from t_blog b, t_type t, t_user u where b.type_id = t.id and u.id = b.user_id order by b.update_time desc LIMIT ?
2022-06-12 20:43:21.236 DEBUG 18676 --- [http-nio-80-exec-1] com.jhm.dao.BlogDao.getIndexBlog         : ==> Parameters: 5(Integer)
2022-06-12 20:43:21.239 DEBUG 18676 --- [http-nio-80-exec-1] com.jhm.dao.BlogDao.getIndexBlog         : <==      Total: 5
2022-06-12 20:43:21.240 DEBUG 18676 --- [http-nio-80-exec-1] com.jhm.dao.TypeDao.getBlogType          : ==>  Preparing: select t.id id, t.name, b.id bid, b.title, b.type_id from t_type t,t_blog b where t.id=b.type_id;
2022-06-12 20:43:21.240 DEBUG 18676 --- [http-nio-80-exec-1] com.jhm.dao.TypeDao.getBlogType          : ==> Parameters: 
2022-06-12 20:43:21.241 DEBUG 18676 --- [http-nio-80-exec-1] com.jhm.dao.TypeDao.getBlogType          : <==      Total: 5
2022-06-12 20:43:21.242 DEBUG 18676 --- [http-nio-80-exec-1] com.jhm.dao.TagDao.getBlogTag            : ==>  Preparing: select * from t_tag t, t_blog b, t_blog_tags bt where t.id = bt.tag_id and b.id = bt.blog_id
2022-06-12 20:43:21.243 DEBUG 18676 --- [http-nio-80-exec-1] com.jhm.dao.TagDao.getBlogTag            : ==> Parameters: 
2022-06-12 20:43:21.245 DEBUG 18676 --- [http-nio-80-exec-1] com.jhm.dao.TagDao.getBlogTag            : <==      Total: 6
2022-06-12 20:43:21.246 DEBUG 18676 --- [http-nio-80-exec-1] c.jhm.dao.BlogDao.findAllRecommendBlog   : ==>  Preparing: select id,title,recommend from t_blog order by update_time desc;
2022-06-12 20:43:21.246 DEBUG 18676 --- [http-nio-80-exec-1] c.jhm.dao.BlogDao.findAllRecommendBlog   : ==> Parameters: 
2022-06-12 20:43:21.249 DEBUG 18676 --- [http-nio-80-exec-1] c.jhm.dao.BlogDao.findAllRecommendBlog   : <==      Total: 5
2022-06-12 20:43:21.249  INFO 18676 --- [http-nio-80-exec-1] com.jhm.aspect.LogAspect                 : Result:index
2022-06-12 20:43:58.439  INFO 18676 --- [http-nio-80-exec-3] com.jhm.aspect.LogAspect                 : Request : RequestLog{url='http://localhost/types/-1', ip='0:0:0:0:0:0:0:1', classMethod='com.jhm.controller.TypeShowController.types', args=[-1, 1, {}]}
2022-06-12 20:43:58.439 DEBUG 18676 --- [http-nio-80-exec-3] com.jhm.dao.TypeDao.getBlogType          : ==>  Preparing: select t.id id, t.name, b.id bid, b.title, b.type_id from t_type t,t_blog b where t.id=b.type_id;
2022-06-12 20:43:58.439 DEBUG 18676 --- [http-nio-80-exec-3] com.jhm.dao.TypeDao.getBlogType          : ==> Parameters: 
2022-06-12 20:43:58.440 DEBUG 18676 --- [http-nio-80-exec-3] com.jhm.dao.TypeDao.getBlogType          : <==      Total: 5
2022-06-12 20:43:58.446 DEBUG 18676 --- [http-nio-80-exec-3] com.jhm.dao.BlogDao.getByTypeId_COUNT    : ==>  Preparing: SELECT count(0) FROM t_blog b, t_type t, t_user u WHERE b.type_id = t.id AND u.id = b.user_id AND b.type_id = ?
2022-06-12 20:43:58.446 DEBUG 18676 --- [http-nio-80-exec-3] com.jhm.dao.BlogDao.getByTypeId_COUNT    : ==> Parameters: 1(Long)
2022-06-12 20:43:58.448 DEBUG 18676 --- [http-nio-80-exec-3] com.jhm.dao.BlogDao.getByTypeId_COUNT    : <==      Total: 1
2022-06-12 20:43:58.448 DEBUG 18676 --- [http-nio-80-exec-3] com.jhm.dao.BlogDao.getByTypeId          : ==>  Preparing: select b.id, b.title, b.picture, b.views, b.update_time, b.description, t.name typename, t.id typeid, u.nickname, u.avatar from t_blog b, t_type t, t_user u where b.type_id = t.id and u.id = b.user_id and b.type_id = ? order by b.update_time desc LIMIT ?
2022-06-12 20:43:58.449 DEBUG 18676 --- [http-nio-80-exec-3] com.jhm.dao.BlogDao.getByTypeId          : ==> Parameters: 1(Long), 5(Integer)
2022-06-12 20:43:58.451 DEBUG 18676 --- [http-nio-80-exec-3] com.jhm.dao.BlogDao.getByTypeId          : <==      Total: 2
2022-06-12 20:43:58.451  INFO 18676 --- [http-nio-80-exec-3] com.jhm.aspect.LogAspect                 : Result:types
2022-06-12 20:43:59.562  INFO 18676 --- [http-nio-80-exec-1] com.jhm.aspect.LogAspect                 : Request : RequestLog{url='http://localhost/tags/-1', ip='0:0:0:0:0:0:0:1', classMethod='com.jhm.controller.TagShowController.tags', args=[-1, 1, {}]}
2022-06-12 20:43:59.565 DEBUG 18676 --- [http-nio-80-exec-1] com.jhm.dao.TagDao.getBlogTag            : ==>  Preparing: select * from t_tag t, t_blog b, t_blog_tags bt where t.id = bt.tag_id and b.id = bt.blog_id
2022-06-12 20:43:59.565 DEBUG 18676 --- [http-nio-80-exec-1] com.jhm.dao.TagDao.getBlogTag            : ==> Parameters: 
2022-06-12 20:43:59.568 DEBUG 18676 --- [http-nio-80-exec-1] com.jhm.dao.TagDao.getBlogTag            : <==      Total: 6
2022-06-12 20:43:59.569 DEBUG 18676 --- [http-nio-80-exec-1] com.jhm.dao.BlogDao.getByTagId_COUNT     : ==>  Preparing: SELECT count(0) FROM t_blog b, t_type t, t_user u, t_blog_tags tb, t_tag t1 WHERE b.type_id = t.id AND u.id = b.user_id AND tb.blog_id = b.id AND tb.tag_id = t1.id AND t1.id = ?
2022-06-12 20:43:59.569 DEBUG 18676 --- [http-nio-80-exec-1] com.jhm.dao.BlogDao.getByTagId_COUNT     : ==> Parameters: 1(Long)
2022-06-12 20:43:59.571 DEBUG 18676 --- [http-nio-80-exec-1] com.jhm.dao.BlogDao.getByTagId_COUNT     : <==      Total: 1
2022-06-12 20:43:59.571 DEBUG 18676 --- [http-nio-80-exec-1] com.jhm.dao.BlogDao.getByTagId           : ==>  Preparing: select b.*, t.name typename, t.id typeid, t1.name tagname, t1.id tagid, u.nickname, u.avatar from t_blog b, t_type t, t_user u, t_blog_tags tb, t_tag t1 where b.type_id = t.id and u.id = b.user_id and tb.blog_id = b.id and tb.tag_id = t1.id and t1.id = ? order by b.update_time desc LIMIT ?
2022-06-12 20:43:59.572 DEBUG 18676 --- [http-nio-80-exec-1] com.jhm.dao.BlogDao.getByTagId           : ==> Parameters: 1(Long), 5(Integer)
2022-06-12 20:43:59.580 DEBUG 18676 --- [http-nio-80-exec-1] com.jhm.dao.BlogDao.getByTagId           : <==      Total: 3
2022-06-12 20:43:59.581  INFO 18676 --- [http-nio-80-exec-1] com.jhm.aspect.LogAspect                 : Result:tags
2022-06-12 20:44:01.033  INFO 18676 --- [http-nio-80-exec-7] com.jhm.aspect.LogAspect                 : Request : RequestLog{url='http://localhost/types/-1', ip='0:0:0:0:0:0:0:1', classMethod='com.jhm.controller.TypeShowController.types', args=[-1, 1, {}]}
2022-06-12 20:44:01.033 DEBUG 18676 --- [http-nio-80-exec-7] com.jhm.dao.TypeDao.getBlogType          : ==>  Preparing: select t.id id, t.name, b.id bid, b.title, b.type_id from t_type t,t_blog b where t.id=b.type_id;
2022-06-12 20:44:01.033 DEBUG 18676 --- [http-nio-80-exec-7] com.jhm.dao.TypeDao.getBlogType          : ==> Parameters: 
2022-06-12 20:44:01.034 DEBUG 18676 --- [http-nio-80-exec-7] com.jhm.dao.TypeDao.getBlogType          : <==      Total: 5
2022-06-12 20:44:01.036 DEBUG 18676 --- [http-nio-80-exec-7] com.jhm.dao.BlogDao.getByTypeId_COUNT    : ==>  Preparing: SELECT count(0) FROM t_blog b, t_type t, t_user u WHERE b.type_id = t.id AND u.id = b.user_id AND b.type_id = ?
2022-06-12 20:44:01.036 DEBUG 18676 --- [http-nio-80-exec-7] com.jhm.dao.BlogDao.getByTypeId_COUNT    : ==> Parameters: 1(Long)
2022-06-12 20:44:01.037 DEBUG 18676 --- [http-nio-80-exec-7] com.jhm.dao.BlogDao.getByTypeId_COUNT    : <==      Total: 1
2022-06-12 20:44:01.037 DEBUG 18676 --- [http-nio-80-exec-7] com.jhm.dao.BlogDao.getByTypeId          : ==>  Preparing: select b.id, b.title, b.picture, b.views, b.update_time, b.description, t.name typename, t.id typeid, u.nickname, u.avatar from t_blog b, t_type t, t_user u where b.type_id = t.id and u.id = b.user_id and b.type_id = ? order by b.update_time desc LIMIT ?
2022-06-12 20:44:01.037 DEBUG 18676 --- [http-nio-80-exec-7] com.jhm.dao.BlogDao.getByTypeId          : ==> Parameters: 1(Long), 5(Integer)
2022-06-12 20:44:01.038 DEBUG 18676 --- [http-nio-80-exec-7] com.jhm.dao.BlogDao.getByTypeId          : <==      Total: 2
2022-06-12 20:44:01.039  INFO 18676 --- [http-nio-80-exec-7] com.jhm.aspect.LogAspect                 : Result:types
2022-06-12 20:44:12.044  INFO 18676 --- [http-nio-80-exec-5] com.jhm.aspect.LogAspect                 : Request : RequestLog{url='http://localhost/archives', ip='0:0:0:0:0:0:0:1', classMethod='com.jhm.controller.ArchiveShowController.archives', args=[{}]}
2022-06-12 20:44:12.047 DEBUG 18676 --- [http-nio-80-exec-5] com.jhm.dao.BlogDao.findGroupYear        : ==>  Preparing: select DATE_FORMAT(b.update_time, '%Y') from t_blog b order by b.update_time desc
2022-06-12 20:44:12.048 DEBUG 18676 --- [http-nio-80-exec-5] com.jhm.dao.BlogDao.findGroupYear        : ==> Parameters: 
2022-06-12 20:44:12.053 DEBUG 18676 --- [http-nio-80-exec-5] com.jhm.dao.BlogDao.findGroupYear        : <==      Total: 5
2022-06-12 20:44:12.054 DEBUG 18676 --- [http-nio-80-exec-5] com.jhm.dao.BlogDao.findByYear           : ==>  Preparing: select * from t_blog where DATE_FORMAT(t_blog.update_time, "%Y") = ?
2022-06-12 20:44:12.055 DEBUG 18676 --- [http-nio-80-exec-5] com.jhm.dao.BlogDao.findByYear           : ==> Parameters: 2022(String)
2022-06-12 20:44:12.059 DEBUG 18676 --- [http-nio-80-exec-5] com.jhm.dao.BlogDao.findByYear           : <==      Total: 5
2022-06-12 20:44:12.060 DEBUG 18676 --- [http-nio-80-exec-5] com.jhm.dao.BlogDao.getAll               : ==>  Preparing: select b.*,t.name typename from t_blog b,t_type t where b.type_id=t.id
2022-06-12 20:44:12.060 DEBUG 18676 --- [http-nio-80-exec-5] com.jhm.dao.BlogDao.getAll               : ==> Parameters: 
2022-06-12 20:44:12.063 DEBUG 18676 --- [http-nio-80-exec-5] com.jhm.dao.BlogDao.getAll               : <==      Total: 5
2022-06-12 20:44:12.064  INFO 18676 --- [http-nio-80-exec-5] com.jhm.aspect.LogAspect                 : Result:archives
2022-06-12 20:45:43.735  INFO 18676 --- [http-nio-80-exec-1] com.jhm.aspect.LogAspect                 : Request : RequestLog{url='http://localhost/', ip='0:0:0:0:0:0:0:1', classMethod='com.jhm.controller.IndexController.index', args=[1, {}]}
2022-06-12 20:45:43.736 DEBUG 18676 --- [http-nio-80-exec-1] com.jhm.dao.BlogDao.getIndexBlog_COUNT   : ==>  Preparing: SELECT count(0) FROM t_blog b, t_type t, t_user u WHERE b.type_id = t.id AND u.id = b.user_id
2022-06-12 20:45:43.737 DEBUG 18676 --- [http-nio-80-exec-1] com.jhm.dao.BlogDao.getIndexBlog_COUNT   : ==> Parameters: 
2022-06-12 20:45:43.738 DEBUG 18676 --- [http-nio-80-exec-1] com.jhm.dao.BlogDao.getIndexBlog_COUNT   : <==      Total: 1
2022-06-12 20:45:43.738 DEBUG 18676 --- [http-nio-80-exec-1] com.jhm.dao.BlogDao.getIndexBlog         : ==>  Preparing: select b.id, b.title, b.picture, b.views, b.update_time, b.description, t.name typename, t.id typeid,u.nickname, u.avatar from t_blog b, t_type t, t_user u where b.type_id = t.id and u.id = b.user_id order by b.update_time desc LIMIT ?
2022-06-12 20:45:43.738 DEBUG 18676 --- [http-nio-80-exec-1] com.jhm.dao.BlogDao.getIndexBlog         : ==> Parameters: 5(Integer)
2022-06-12 20:45:43.739 DEBUG 18676 --- [http-nio-80-exec-1] com.jhm.dao.BlogDao.getIndexBlog         : <==      Total: 5
2022-06-12 20:45:43.740 DEBUG 18676 --- [http-nio-80-exec-1] com.jhm.dao.TypeDao.getBlogType          : ==>  Preparing: select t.id id, t.name, b.id bid, b.title, b.type_id from t_type t,t_blog b where t.id=b.type_id;
2022-06-12 20:45:43.740 DEBUG 18676 --- [http-nio-80-exec-1] com.jhm.dao.TypeDao.getBlogType          : ==> Parameters: 
2022-06-12 20:45:43.741 DEBUG 18676 --- [http-nio-80-exec-1] com.jhm.dao.TypeDao.getBlogType          : <==      Total: 5
2022-06-12 20:45:43.742 DEBUG 18676 --- [http-nio-80-exec-1] com.jhm.dao.TagDao.getBlogTag            : ==>  Preparing: select * from t_tag t, t_blog b, t_blog_tags bt where t.id = bt.tag_id and b.id = bt.blog_id
2022-06-12 20:45:43.742 DEBUG 18676 --- [http-nio-80-exec-1] com.jhm.dao.TagDao.getBlogTag            : ==> Parameters: 
2022-06-12 20:45:43.745 DEBUG 18676 --- [http-nio-80-exec-1] com.jhm.dao.TagDao.getBlogTag            : <==      Total: 6
2022-06-12 20:45:43.746 DEBUG 18676 --- [http-nio-80-exec-1] c.jhm.dao.BlogDao.findAllRecommendBlog   : ==>  Preparing: select id,title,recommend from t_blog order by update_time desc;
2022-06-12 20:45:43.746 DEBUG 18676 --- [http-nio-80-exec-1] c.jhm.dao.BlogDao.findAllRecommendBlog   : ==> Parameters: 
2022-06-12 20:45:43.747 DEBUG 18676 --- [http-nio-80-exec-1] c.jhm.dao.BlogDao.findAllRecommendBlog   : <==      Total: 5
2022-06-12 20:45:43.747  INFO 18676 --- [http-nio-80-exec-1] com.jhm.aspect.LogAspect                 : Result:index
2022-06-12 20:45:47.848  INFO 18676 --- [http-nio-80-exec-5] com.jhm.aspect.LogAspect                 : Request : RequestLog{url='http://localhost/admin', ip='0:0:0:0:0:0:0:1', classMethod='com.jhm.controller.admin.LoginController.loginPage', args=[]}
2022-06-12 20:45:47.848  INFO 18676 --- [http-nio-80-exec-5] com.jhm.aspect.LogAspect                 : Result:admin/login
2022-06-12 20:47:00.373  INFO 18676 --- [http-nio-80-exec-2] com.jhm.aspect.LogAspect                 : Request : RequestLog{url='http://localhost/admin/login', ip='0:0:0:0:0:0:0:1', classMethod='com.jhm.controller.admin.LoginController.login', args=[jhm, 123456, org.apache.catalina.session.StandardSessionFacade@68d777ec, {}]}
2022-06-12 20:47:00.374 DEBUG 18676 --- [http-nio-80-exec-2] c.j.d.UserDao.findByUsernameAndPassword  : ==>  Preparing: select * from t_user where username=? and password=?
2022-06-12 20:47:00.374 DEBUG 18676 --- [http-nio-80-exec-2] c.j.d.UserDao.findByUsernameAndPassword  : ==> Parameters: jhm(String), 123456(String)
2022-06-12 20:47:00.375 DEBUG 18676 --- [http-nio-80-exec-2] c.j.d.UserDao.findByUsernameAndPassword  : <==      Total: 1
2022-06-12 20:47:00.377  INFO 18676 --- [http-nio-80-exec-2] com.jhm.aspect.LogAspect                 : Result:admin/index
2022-06-12 20:47:01.712  INFO 18676 --- [http-nio-80-exec-4] com.jhm.aspect.LogAspect                 : Request : RequestLog{url='http://localhost/admin/admin', ip='0:0:0:0:0:0:0:1', classMethod='com.jhm.controller.admin.BlogController.blogs', args=[1, {}]}
2022-06-12 20:47:01.713 DEBUG 18676 --- [http-nio-80-exec-4] com.jhm.dao.BlogDao.getAll_COUNT         : ==>  Preparing: SELECT count(0) FROM t_blog b, t_type t WHERE b.type_id = t.id
2022-06-12 20:47:01.713 DEBUG 18676 --- [http-nio-80-exec-4] com.jhm.dao.BlogDao.getAll_COUNT         : ==> Parameters: 
2022-06-12 20:47:01.714 DEBUG 18676 --- [http-nio-80-exec-4] com.jhm.dao.BlogDao.getAll_COUNT         : <==      Total: 1
2022-06-12 20:47:01.714 DEBUG 18676 --- [http-nio-80-exec-4] com.jhm.dao.BlogDao.getAll               : ==>  Preparing: select b.*,t.name typename from t_blog b,t_type t where b.type_id=t.id LIMIT ?
2022-06-12 20:47:01.714 DEBUG 18676 --- [http-nio-80-exec-4] com.jhm.dao.BlogDao.getAll               : ==> Parameters: 5(Integer)
2022-06-12 20:47:01.715 DEBUG 18676 --- [http-nio-80-exec-4] com.jhm.dao.BlogDao.getAll               : <==      Total: 5
2022-06-12 20:47:01.716 DEBUG 18676 --- [http-nio-80-exec-4] com.jhm.dao.TypeDao.findAll              : ==>  Preparing: select * from t_type
2022-06-12 20:47:01.716 DEBUG 18676 --- [http-nio-80-exec-4] com.jhm.dao.TypeDao.findAll              : ==> Parameters: 
2022-06-12 20:47:01.717 DEBUG 18676 --- [http-nio-80-exec-4] com.jhm.dao.TypeDao.findAll              : <==      Total: 7
2022-06-12 20:47:01.717  INFO 18676 --- [http-nio-80-exec-4] com.jhm.aspect.LogAspect                 : Result:admin/admin
2022-06-12 20:47:01.971  INFO 18676 --- [http-nio-80-exec-10] com.jhm.aspect.LogAspect                 : Request : RequestLog{url='http://localhost/admin/admin', ip='0:0:0:0:0:0:0:1', classMethod='com.jhm.controller.admin.BlogController.blogs', args=[1, {}]}
2022-06-12 20:47:01.973 DEBUG 18676 --- [http-nio-80-exec-10] com.jhm.dao.BlogDao.getAll_COUNT         : ==>  Preparing: SELECT count(0) FROM t_blog b, t_type t WHERE b.type_id = t.id
2022-06-12 20:47:01.973 DEBUG 18676 --- [http-nio-80-exec-10] com.jhm.dao.BlogDao.getAll_COUNT         : ==> Parameters: 
2022-06-12 20:47:01.974 DEBUG 18676 --- [http-nio-80-exec-10] com.jhm.dao.BlogDao.getAll_COUNT         : <==      Total: 1
2022-06-12 20:47:01.975 DEBUG 18676 --- [http-nio-80-exec-10] com.jhm.dao.BlogDao.getAll               : ==>  Preparing: select b.*,t.name typename from t_blog b,t_type t where b.type_id=t.id LIMIT ?
2022-06-12 20:47:01.975 DEBUG 18676 --- [http-nio-80-exec-10] com.jhm.dao.BlogDao.getAll               : ==> Parameters: 5(Integer)
2022-06-12 20:47:01.977 DEBUG 18676 --- [http-nio-80-exec-10] com.jhm.dao.BlogDao.getAll               : <==      Total: 5
2022-06-12 20:47:01.977 DEBUG 18676 --- [http-nio-80-exec-10] com.jhm.dao.TypeDao.findAll              : ==>  Preparing: select * from t_type
2022-06-12 20:47:01.977 DEBUG 18676 --- [http-nio-80-exec-10] com.jhm.dao.TypeDao.findAll              : ==> Parameters: 
2022-06-12 20:47:01.978 DEBUG 18676 --- [http-nio-80-exec-10] com.jhm.dao.TypeDao.findAll              : <==      Total: 7
2022-06-12 20:47:01.979  INFO 18676 --- [http-nio-80-exec-10] com.jhm.aspect.LogAspect                 : Result:admin/admin
2022-06-12 20:47:27.140  INFO 18676 --- [http-nio-80-exec-8] com.jhm.aspect.LogAspect                 : Request : RequestLog{url='http://localhost/admin/admin/23/input', ip='0:0:0:0:0:0:0:1', classMethod='com.jhm.controller.admin.BlogController.gotoEditBlogPage', args=[{}, 23]}
2022-06-12 20:47:27.140 DEBUG 18676 --- [http-nio-80-exec-8] com.jhm.dao.BlogDao.findBlogWithTag      : ==>  Preparing: select * from t_blog where id=?
2022-06-12 20:47:27.140 DEBUG 18676 --- [http-nio-80-exec-8] com.jhm.dao.BlogDao.findBlogWithTag      : ==> Parameters: 23(Long)
2022-06-12 20:47:27.143 DEBUG 18676 --- [http-nio-80-exec-8] com.jhm.dao.TagDao.findTagById           : ====>  Preparing: select * from t_tag where id in(select tag_id from t_blog_tags where blog_id=?)
2022-06-12 20:47:27.144 DEBUG 18676 --- [http-nio-80-exec-8] com.jhm.dao.TagDao.findTagById           : ====> Parameters: 23(Long)
2022-06-12 20:47:27.145 DEBUG 18676 --- [http-nio-80-exec-8] com.jhm.dao.TagDao.findTagById           : <====      Total: 1
2022-06-12 20:47:27.146 DEBUG 18676 --- [http-nio-80-exec-8] com.jhm.dao.BlogDao.findBlogWithTag      : <==      Total: 1
2022-06-12 20:47:27.146 DEBUG 18676 --- [http-nio-80-exec-8] com.jhm.dao.BlogDao.findBlogWithTag      : ==>  Preparing: select * from t_blog where id=?
2022-06-12 20:47:27.146 DEBUG 18676 --- [http-nio-80-exec-8] com.jhm.dao.BlogDao.findBlogWithTag      : ==> Parameters: 23(Long)
2022-06-12 20:47:27.148 DEBUG 18676 --- [http-nio-80-exec-8] com.jhm.dao.TagDao.findTagById           : ====>  Preparing: select * from t_tag where id in(select tag_id from t_blog_tags where blog_id=?)
2022-06-12 20:47:27.148 DEBUG 18676 --- [http-nio-80-exec-8] com.jhm.dao.TagDao.findTagById           : ====> Parameters: 23(Long)
2022-06-12 20:47:27.149 DEBUG 18676 --- [http-nio-80-exec-8] com.jhm.dao.TagDao.findTagById           : <====      Total: 1
2022-06-12 20:47:27.150 DEBUG 18676 --- [http-nio-80-exec-8] com.jhm.dao.BlogDao.findBlogWithTag      : <==      Total: 1
2022-06-12 20:47:27.150 DEBUG 18676 --- [http-nio-80-exec-8] com.jhm.dao.TypeDao.findAll              : ==>  Preparing: select * from t_type
2022-06-12 20:47:27.150 DEBUG 18676 --- [http-nio-80-exec-8] com.jhm.dao.TypeDao.findAll              : ==> Parameters: 
2022-06-12 20:47:27.151 DEBUG 18676 --- [http-nio-80-exec-8] com.jhm.dao.TypeDao.findAll              : <==      Total: 7
2022-06-12 20:47:27.152 DEBUG 18676 --- [http-nio-80-exec-8] com.jhm.dao.TagDao.findAll               : ==>  Preparing: select * from t_tag
2022-06-12 20:47:27.152 DEBUG 18676 --- [http-nio-80-exec-8] com.jhm.dao.TagDao.findAll               : ==> Parameters: 
2022-06-12 20:47:27.154 DEBUG 18676 --- [http-nio-80-exec-8] com.jhm.dao.TagDao.findAll               : <==      Total: 3
2022-06-12 20:47:27.154  INFO 18676 --- [http-nio-80-exec-8] com.jhm.aspect.LogAspect                 : Result:admin/admin-input
2022-06-12 20:47:31.065  INFO 18676 --- [http-nio-80-exec-1] com.jhm.aspect.LogAspect                 : Request : RequestLog{url='http://localhost/admin/admin/22/input', ip='0:0:0:0:0:0:0:1', classMethod='com.jhm.controller.admin.BlogController.gotoEditBlogPage', args=[{}, 22]}
2022-06-12 20:47:31.066 DEBUG 18676 --- [http-nio-80-exec-1] com.jhm.dao.BlogDao.findBlogWithTag      : ==>  Preparing: select * from t_blog where id=?
2022-06-12 20:47:31.066 DEBUG 18676 --- [http-nio-80-exec-1] com.jhm.dao.BlogDao.findBlogWithTag      : ==> Parameters: 22(Long)
2022-06-12 20:47:31.067 DEBUG 18676 --- [http-nio-80-exec-1] com.jhm.dao.TagDao.findTagById           : ====>  Preparing: select * from t_tag where id in(select tag_id from t_blog_tags where blog_id=?)
2022-06-12 20:47:31.067 DEBUG 18676 --- [http-nio-80-exec-1] com.jhm.dao.TagDao.findTagById           : ====> Parameters: 22(Long)
2022-06-12 20:47:31.068 DEBUG 18676 --- [http-nio-80-exec-1] com.jhm.dao.TagDao.findTagById           : <====      Total: 2
2022-06-12 20:47:31.069 DEBUG 18676 --- [http-nio-80-exec-1] com.jhm.dao.BlogDao.findBlogWithTag      : <==      Total: 1
2022-06-12 20:47:31.069 DEBUG 18676 --- [http-nio-80-exec-1] com.jhm.dao.BlogDao.findBlogWithTag      : ==>  Preparing: select * from t_blog where id=?
2022-06-12 20:47:31.070 DEBUG 18676 --- [http-nio-80-exec-1] com.jhm.dao.BlogDao.findBlogWithTag      : ==> Parameters: 22(Long)
2022-06-12 20:47:31.071 DEBUG 18676 --- [http-nio-80-exec-1] com.jhm.dao.TagDao.findTagById           : ====>  Preparing: select * from t_tag where id in(select tag_id from t_blog_tags where blog_id=?)
2022-06-12 20:47:31.071 DEBUG 18676 --- [http-nio-80-exec-1] com.jhm.dao.TagDao.findTagById           : ====> Parameters: 22(Long)
2022-06-12 20:47:31.072 DEBUG 18676 --- [http-nio-80-exec-1] com.jhm.dao.TagDao.findTagById           : <====      Total: 2
2022-06-12 20:47:31.073 DEBUG 18676 --- [http-nio-80-exec-1] com.jhm.dao.BlogDao.findBlogWithTag      : <==      Total: 1
2022-06-12 20:47:31.074 DEBUG 18676 --- [http-nio-80-exec-1] com.jhm.dao.TypeDao.findAll              : ==>  Preparing: select * from t_type
2022-06-12 20:47:31.074 DEBUG 18676 --- [http-nio-80-exec-1] com.jhm.dao.TypeDao.findAll              : ==> Parameters: 
2022-06-12 20:47:31.076 DEBUG 18676 --- [http-nio-80-exec-1] com.jhm.dao.TypeDao.findAll              : <==      Total: 7
2022-06-12 20:47:31.076 DEBUG 18676 --- [http-nio-80-exec-1] com.jhm.dao.TagDao.findAll               : ==>  Preparing: select * from t_tag
2022-06-12 20:47:31.077 DEBUG 18676 --- [http-nio-80-exec-1] com.jhm.dao.TagDao.findAll               : ==> Parameters: 
2022-06-12 20:47:31.078 DEBUG 18676 --- [http-nio-80-exec-1] com.jhm.dao.TagDao.findAll               : <==      Total: 3
2022-06-12 20:47:31.078  INFO 18676 --- [http-nio-80-exec-1] com.jhm.aspect.LogAspect                 : Result:admin/admin-input
2022-06-12 20:47:39.526  INFO 18676 --- [http-nio-80-exec-5] com.jhm.aspect.LogAspect                 : Request : RequestLog{url='http://localhost/admin/types', ip='0:0:0:0:0:0:0:1', classMethod='com.jhm.controller.admin.TypeController.types', args=[1, {}]}
2022-06-12 20:47:39.527 DEBUG 18676 --- [http-nio-80-exec-5] com.jhm.dao.TypeDao.findAll_COUNT        : ==>  Preparing: SELECT count(0) FROM t_type
2022-06-12 20:47:39.527 DEBUG 18676 --- [http-nio-80-exec-5] com.jhm.dao.TypeDao.findAll_COUNT        : ==> Parameters: 
2022-06-12 20:47:39.528 DEBUG 18676 --- [http-nio-80-exec-5] com.jhm.dao.TypeDao.findAll_COUNT        : <==      Total: 1
2022-06-12 20:47:39.529 DEBUG 18676 --- [http-nio-80-exec-5] com.jhm.dao.TypeDao.findAll              : ==>  Preparing: select * from t_type LIMIT ?
2022-06-12 20:47:39.529 DEBUG 18676 --- [http-nio-80-exec-5] com.jhm.dao.TypeDao.findAll              : ==> Parameters: 5(Integer)
2022-06-12 20:47:39.529 DEBUG 18676 --- [http-nio-80-exec-5] com.jhm.dao.TypeDao.findAll              : <==      Total: 5
2022-06-12 20:47:39.530  INFO 18676 --- [http-nio-80-exec-5] com.jhm.aspect.LogAspect                 : Result:admin/types
2022-06-12 20:48:31.038  INFO 18676 --- [http-nio-80-exec-6] com.jhm.aspect.LogAspect                 : Request : RequestLog{url='http://localhost/admin/tags', ip='0:0:0:0:0:0:0:1', classMethod='com.jhm.controller.admin.TagController.tags', args=[1, {}]}
2022-06-12 20:48:31.039 DEBUG 18676 --- [http-nio-80-exec-6] com.jhm.dao.TagDao.getAllTag_COUNT       : ==>  Preparing: SELECT count(0) FROM t_tag
2022-06-12 20:48:31.039 DEBUG 18676 --- [http-nio-80-exec-6] com.jhm.dao.TagDao.getAllTag_COUNT       : ==> Parameters: 
2022-06-12 20:48:31.042 DEBUG 18676 --- [http-nio-80-exec-6] com.jhm.dao.TagDao.getAllTag_COUNT       : <==      Total: 1
2022-06-12 20:48:31.043 DEBUG 18676 --- [http-nio-80-exec-6] com.jhm.dao.TagDao.getAllTag             : ==>  Preparing: select * from t_tag LIMIT ?
2022-06-12 20:48:31.044 DEBUG 18676 --- [http-nio-80-exec-6] com.jhm.dao.TagDao.getAllTag             : ==> Parameters: 5(Integer)
2022-06-12 20:48:31.047 DEBUG 18676 --- [http-nio-80-exec-6] com.jhm.dao.TagDao.getAllTag             : <==      Total: 3
2022-06-12 20:48:31.047  INFO 18676 --- [http-nio-80-exec-6] com.jhm.aspect.LogAspect                 : Result:admin/tags
2022-06-12 20:49:49.169  INFO 18676 --- [http-nio-80-exec-2] com.jhm.aspect.LogAspect                 : Request : RequestLog{url='http://localhost/blog/24', ip='0:0:0:0:0:0:0:1', classMethod='com.jhm.controller.IndexController.blog', args=[24, {}]}
2022-06-12 20:49:49.170 DEBUG 18676 --- [http-nio-80-exec-2] com.jhm.dao.BlogDao.getDetailedBlog      : ==>  Preparing: /*前台博客详情*/ select b.id, b.picture, b.flag, b.title, b.content, b.views, b.update_time,b.commented, b.copyright, b.appreciation, u.nickname, u.avatar, tag.id tagid, tag.name tagname from t_blog b, t_user u, t_tag tag, t_blog_tags tb where b.user_id = u.id and tb.blog_id = b.id and tb.tag_id = tag.id and b.id = ?
2022-06-12 20:49:49.170 DEBUG 18676 --- [http-nio-80-exec-2] com.jhm.dao.BlogDao.getDetailedBlog      : ==> Parameters: 24(Long)
2022-06-12 20:49:49.173 DEBUG 18676 --- [http-nio-80-exec-2] com.jhm.dao.BlogDao.getDetailedBlog      : <==      Total: 1
2022-06-12 20:49:49.179 DEBUG 18676 --- [http-nio-80-exec-2] c.j.d.C.findByBlogIdAndParentCommentNull : ==>  Preparing: select * from t_comment c, t_blog b where c.blog_id = b.id and c.blog_id = ? order by c.create_time desc
2022-06-12 20:49:49.180 DEBUG 18676 --- [http-nio-80-exec-2] c.j.d.C.findByBlogIdAndParentCommentNull : ==> Parameters: 24(Long)
2022-06-12 20:49:49.181 DEBUG 18676 --- [http-nio-80-exec-2] c.j.d.C.findByBlogIdAndParentCommentNull : <==      Total: 0
2022-06-12 20:49:49.182  INFO 18676 --- [http-nio-80-exec-2] com.jhm.aspect.LogAspect                 : Result:blog
2022-06-12 20:50:32.619  INFO 18676 --- [http-nio-80-exec-5] com.jhm.aspect.LogAspect                 : Request : RequestLog{url='http://localhost/comments', ip='0:0:0:0:0:0:0:1', classMethod='com.jhm.controller.CommentController.post', args=[Comment{id=null, nickname='蒋会明', email='1723023216@qq.com', content='你还缺了二次型、向量组', avatar='null', create_time=null}, 24]}
2022-06-12 20:50:32.622 DEBUG 18676 --- [http-nio-80-exec-5] com.jhm.dao.BlogDao.findById             : ==>  Preparing: select * from t_blog where id=?
2022-06-12 20:50:32.622 DEBUG 18676 --- [http-nio-80-exec-5] com.jhm.dao.BlogDao.findById             : ==> Parameters: 24(Long)
2022-06-12 20:50:32.623 DEBUG 18676 --- [http-nio-80-exec-5] com.jhm.dao.BlogDao.findById             : <==      Total: 1
2022-06-12 20:50:32.624 DEBUG 18676 --- [http-nio-80-exec-5] com.jhm.dao.CommentDao.saveComment       : ==>  Preparing: insert into blog.t_comment (nickname,email,content,avatar, create_time,blog_id,parent_comment_id, admin_comment) values (?,?,?,?, ?,?,?, ?);
2022-06-12 20:50:32.626 DEBUG 18676 --- [http-nio-80-exec-5] com.jhm.dao.CommentDao.saveComment       : ==> Parameters: 蒋会明(String), 1723023216@qq.com(String), 你还缺了二次型、向量组(String), /images/avatar.jpg(String), 2022-06-12 20:50:32.624(Timestamp), 24(Long), -1(Long), false(Boolean)
2022-06-12 20:50:32.651 DEBUG 18676 --- [http-nio-80-exec-5] com.jhm.dao.CommentDao.saveComment       : <==    Updates: 1
2022-06-12 20:50:32.651  INFO 18676 --- [http-nio-80-exec-5] com.jhm.aspect.LogAspect                 : Result:redirect:/comments/24
2022-06-12 20:50:32.670  INFO 18676 --- [http-nio-80-exec-2] com.jhm.aspect.LogAspect                 : Request : RequestLog{url='http://localhost/comments/24', ip='0:0:0:0:0:0:0:1', classMethod='com.jhm.controller.CommentController.comments', args=[24, {}]}
2022-06-12 20:50:32.670 DEBUG 18676 --- [http-nio-80-exec-2] c.j.d.C.findByBlogIdAndParentCommentNull : ==>  Preparing: select * from t_comment c, t_blog b where c.blog_id = b.id and c.blog_id = ? order by c.create_time desc
2022-06-12 20:50:32.671 DEBUG 18676 --- [http-nio-80-exec-2] c.j.d.C.findByBlogIdAndParentCommentNull : ==> Parameters: 24(Long)
2022-06-12 20:50:32.673 DEBUG 18676 --- [http-nio-80-exec-2] c.j.d.C.findByBlogIdAndParentCommentNull : <==      Total: 1
2022-06-12 20:50:32.673  INFO 18676 --- [http-nio-80-exec-2] com.jhm.aspect.LogAspect                 : Result:blog :: commentList
2022-06-12 20:51:51.509  INFO 18676 --- [http-nio-80-exec-8] com.jhm.aspect.LogAspect                 : Request : RequestLog{url='http://localhost/types/-1', ip='0:0:0:0:0:0:0:1', classMethod='com.jhm.controller.TypeShowController.types', args=[-1, 1, {}]}
2022-06-12 20:51:51.511 DEBUG 18676 --- [http-nio-80-exec-8] com.jhm.dao.TypeDao.getBlogType          : ==>  Preparing: select t.id id, t.name, b.id bid, b.title, b.type_id from t_type t,t_blog b where t.id=b.type_id;
2022-06-12 20:51:51.511 DEBUG 18676 --- [http-nio-80-exec-8] com.jhm.dao.TypeDao.getBlogType          : ==> Parameters: 
2022-06-12 20:51:51.513 DEBUG 18676 --- [http-nio-80-exec-8] com.jhm.dao.TypeDao.getBlogType          : <==      Total: 5
2022-06-12 20:51:51.514 DEBUG 18676 --- [http-nio-80-exec-8] com.jhm.dao.BlogDao.getByTypeId_COUNT    : ==>  Preparing: SELECT count(0) FROM t_blog b, t_type t, t_user u WHERE b.type_id = t.id AND u.id = b.user_id AND b.type_id = ?
2022-06-12 20:51:51.514 DEBUG 18676 --- [http-nio-80-exec-8] com.jhm.dao.BlogDao.getByTypeId_COUNT    : ==> Parameters: 1(Long)
2022-06-12 20:51:51.514 DEBUG 18676 --- [http-nio-80-exec-8] com.jhm.dao.BlogDao.getByTypeId_COUNT    : <==      Total: 1
2022-06-12 20:51:51.515 DEBUG 18676 --- [http-nio-80-exec-8] com.jhm.dao.BlogDao.getByTypeId          : ==>  Preparing: select b.id, b.title, b.picture, b.views, b.update_time, b.description, t.name typename, t.id typeid, u.nickname, u.avatar from t_blog b, t_type t, t_user u where b.type_id = t.id and u.id = b.user_id and b.type_id = ? order by b.update_time desc LIMIT ?
2022-06-12 20:51:51.515 DEBUG 18676 --- [http-nio-80-exec-8] com.jhm.dao.BlogDao.getByTypeId          : ==> Parameters: 1(Long), 5(Integer)
2022-06-12 20:51:51.516 DEBUG 18676 --- [http-nio-80-exec-8] com.jhm.dao.BlogDao.getByTypeId          : <==      Total: 2
2022-06-12 20:51:51.516  INFO 18676 --- [http-nio-80-exec-8] com.jhm.aspect.LogAspect                 : Result:types
2022-06-12 20:51:53.067  INFO 18676 --- [http-nio-80-exec-3] com.jhm.aspect.LogAspect                 : Request : RequestLog{url='http://localhost/', ip='0:0:0:0:0:0:0:1', classMethod='com.jhm.controller.IndexController.index', args=[1, {}]}
2022-06-12 20:51:53.069 DEBUG 18676 --- [http-nio-80-exec-3] com.jhm.dao.BlogDao.getIndexBlog_COUNT   : ==>  Preparing: SELECT count(0) FROM t_blog b, t_type t, t_user u WHERE b.type_id = t.id AND u.id = b.user_id
2022-06-12 20:51:53.069 DEBUG 18676 --- [http-nio-80-exec-3] com.jhm.dao.BlogDao.getIndexBlog_COUNT   : ==> Parameters: 
2022-06-12 20:51:53.070 DEBUG 18676 --- [http-nio-80-exec-3] com.jhm.dao.BlogDao.getIndexBlog_COUNT   : <==      Total: 1
2022-06-12 20:51:53.070 DEBUG 18676 --- [http-nio-80-exec-3] com.jhm.dao.BlogDao.getIndexBlog         : ==>  Preparing: select b.id, b.title, b.picture, b.views, b.update_time, b.description, t.name typename, t.id typeid,u.nickname, u.avatar from t_blog b, t_type t, t_user u where b.type_id = t.id and u.id = b.user_id order by b.update_time desc LIMIT ?
2022-06-12 20:51:53.070 DEBUG 18676 --- [http-nio-80-exec-3] com.jhm.dao.BlogDao.getIndexBlog         : ==> Parameters: 5(Integer)
2022-06-12 20:51:53.072 DEBUG 18676 --- [http-nio-80-exec-3] com.jhm.dao.BlogDao.getIndexBlog         : <==      Total: 5
2022-06-12 20:51:53.073 DEBUG 18676 --- [http-nio-80-exec-3] com.jhm.dao.TypeDao.getBlogType          : ==>  Preparing: select t.id id, t.name, b.id bid, b.title, b.type_id from t_type t,t_blog b where t.id=b.type_id;
2022-06-12 20:51:53.073 DEBUG 18676 --- [http-nio-80-exec-3] com.jhm.dao.TypeDao.getBlogType          : ==> Parameters: 
2022-06-12 20:51:53.074 DEBUG 18676 --- [http-nio-80-exec-3] com.jhm.dao.TypeDao.getBlogType          : <==      Total: 5
2022-06-12 20:51:53.075 DEBUG 18676 --- [http-nio-80-exec-3] com.jhm.dao.TagDao.getBlogTag            : ==>  Preparing: select * from t_tag t, t_blog b, t_blog_tags bt where t.id = bt.tag_id and b.id = bt.blog_id
2022-06-12 20:51:53.076 DEBUG 18676 --- [http-nio-80-exec-3] com.jhm.dao.TagDao.getBlogTag            : ==> Parameters: 
2022-06-12 20:51:53.078 DEBUG 18676 --- [http-nio-80-exec-3] com.jhm.dao.TagDao.getBlogTag            : <==      Total: 6
2022-06-12 20:51:53.079 DEBUG 18676 --- [http-nio-80-exec-3] c.jhm.dao.BlogDao.findAllRecommendBlog   : ==>  Preparing: select id,title,recommend from t_blog order by update_time desc;
2022-06-12 20:51:53.079 DEBUG 18676 --- [http-nio-80-exec-3] c.jhm.dao.BlogDao.findAllRecommendBlog   : ==> Parameters: 
2022-06-12 20:51:53.081 DEBUG 18676 --- [http-nio-80-exec-3] c.jhm.dao.BlogDao.findAllRecommendBlog   : <==      Total: 5
2022-06-12 20:51:53.082  INFO 18676 --- [http-nio-80-exec-3] com.jhm.aspect.LogAspect                 : Result:index
2022-06-12 20:52:19.400  INFO 18676 --- [http-nio-80-exec-4] com.jhm.aspect.LogAspect                 : Request : RequestLog{url='http://localhost/blog/23', ip='0:0:0:0:0:0:0:1', classMethod='com.jhm.controller.IndexController.blog', args=[23, {}]}
2022-06-12 20:52:19.401 DEBUG 18676 --- [http-nio-80-exec-4] com.jhm.dao.BlogDao.getDetailedBlog      : ==>  Preparing: /*前台博客详情*/ select b.id, b.picture, b.flag, b.title, b.content, b.views, b.update_time,b.commented, b.copyright, b.appreciation, u.nickname, u.avatar, tag.id tagid, tag.name tagname from t_blog b, t_user u, t_tag tag, t_blog_tags tb where b.user_id = u.id and tb.blog_id = b.id and tb.tag_id = tag.id and b.id = ?
2022-06-12 20:52:19.401 DEBUG 18676 --- [http-nio-80-exec-4] com.jhm.dao.BlogDao.getDetailedBlog      : ==> Parameters: 23(Long)
2022-06-12 20:52:19.403 DEBUG 18676 --- [http-nio-80-exec-4] com.jhm.dao.BlogDao.getDetailedBlog      : <==      Total: 1
2022-06-12 20:52:19.406 DEBUG 18676 --- [http-nio-80-exec-4] c.j.d.C.findByBlogIdAndParentCommentNull : ==>  Preparing: select * from t_comment c, t_blog b where c.blog_id = b.id and c.blog_id = ? order by c.create_time desc
2022-06-12 20:52:19.407 DEBUG 18676 --- [http-nio-80-exec-4] c.j.d.C.findByBlogIdAndParentCommentNull : ==> Parameters: 23(Long)
2022-06-12 20:52:19.408 DEBUG 18676 --- [http-nio-80-exec-4] c.j.d.C.findByBlogIdAndParentCommentNull : <==      Total: 1
2022-06-12 20:52:19.408  INFO 18676 --- [http-nio-80-exec-4] com.jhm.aspect.LogAspect                 : Result:blog
2022-06-12 20:52:46.453  INFO 18676 --- [http-nio-80-exec-5] com.jhm.aspect.LogAspect                 : Request : RequestLog{url='http://localhost/types/-1', ip='0:0:0:0:0:0:0:1', classMethod='com.jhm.controller.TypeShowController.types', args=[-1, 1, {}]}
2022-06-12 20:52:46.454 DEBUG 18676 --- [http-nio-80-exec-5] com.jhm.dao.TypeDao.getBlogType          : ==>  Preparing: select t.id id, t.name, b.id bid, b.title, b.type_id from t_type t,t_blog b where t.id=b.type_id;
2022-06-12 20:52:46.454 DEBUG 18676 --- [http-nio-80-exec-5] com.jhm.dao.TypeDao.getBlogType          : ==> Parameters: 
2022-06-12 20:52:46.455 DEBUG 18676 --- [http-nio-80-exec-5] com.jhm.dao.TypeDao.getBlogType          : <==      Total: 5
2022-06-12 20:52:46.457 DEBUG 18676 --- [http-nio-80-exec-5] com.jhm.dao.BlogDao.getByTypeId_COUNT    : ==>  Preparing: SELECT count(0) FROM t_blog b, t_type t, t_user u WHERE b.type_id = t.id AND u.id = b.user_id AND b.type_id = ?
2022-06-12 20:52:46.457 DEBUG 18676 --- [http-nio-80-exec-5] com.jhm.dao.BlogDao.getByTypeId_COUNT    : ==> Parameters: 1(Long)
2022-06-12 20:52:46.458 DEBUG 18676 --- [http-nio-80-exec-5] com.jhm.dao.BlogDao.getByTypeId_COUNT    : <==      Total: 1
2022-06-12 20:52:46.458 DEBUG 18676 --- [http-nio-80-exec-5] com.jhm.dao.BlogDao.getByTypeId          : ==>  Preparing: select b.id, b.title, b.picture, b.views, b.update_time, b.description, t.name typename, t.id typeid, u.nickname, u.avatar from t_blog b, t_type t, t_user u where b.type_id = t.id and u.id = b.user_id and b.type_id = ? order by b.update_time desc LIMIT ?
2022-06-12 20:52:46.459 DEBUG 18676 --- [http-nio-80-exec-5] com.jhm.dao.BlogDao.getByTypeId          : ==> Parameters: 1(Long), 5(Integer)
2022-06-12 20:52:46.460 DEBUG 18676 --- [http-nio-80-exec-5] com.jhm.dao.BlogDao.getByTypeId          : <==      Total: 2
2022-06-12 20:52:46.460  INFO 18676 --- [http-nio-80-exec-5] com.jhm.aspect.LogAspect                 : Result:types
2022-06-12 20:53:08.896  INFO 18676 --- [http-nio-80-exec-6] com.jhm.aspect.LogAspect                 : Request : RequestLog{url='http://localhost/types/4', ip='0:0:0:0:0:0:0:1', classMethod='com.jhm.controller.TypeShowController.types', args=[4, 1, {}]}
2022-06-12 20:53:08.896 DEBUG 18676 --- [http-nio-80-exec-6] com.jhm.dao.TypeDao.getBlogType          : ==>  Preparing: select t.id id, t.name, b.id bid, b.title, b.type_id from t_type t,t_blog b where t.id=b.type_id;
2022-06-12 20:53:08.896 DEBUG 18676 --- [http-nio-80-exec-6] com.jhm.dao.TypeDao.getBlogType          : ==> Parameters: 
2022-06-12 20:53:08.898 DEBUG 18676 --- [http-nio-80-exec-6] com.jhm.dao.TypeDao.getBlogType          : <==      Total: 5
2022-06-12 20:53:08.899 DEBUG 18676 --- [http-nio-80-exec-6] com.jhm.dao.BlogDao.getByTypeId_COUNT    : ==>  Preparing: SELECT count(0) FROM t_blog b, t_type t, t_user u WHERE b.type_id = t.id AND u.id = b.user_id AND b.type_id = ?
2022-06-12 20:53:08.899 DEBUG 18676 --- [http-nio-80-exec-6] com.jhm.dao.BlogDao.getByTypeId_COUNT    : ==> Parameters: 4(Long)
2022-06-12 20:53:08.900 DEBUG 18676 --- [http-nio-80-exec-6] com.jhm.dao.BlogDao.getByTypeId_COUNT    : <==      Total: 1
2022-06-12 20:53:08.901 DEBUG 18676 --- [http-nio-80-exec-6] com.jhm.dao.BlogDao.getByTypeId          : ==>  Preparing: select b.id, b.title, b.picture, b.views, b.update_time, b.description, t.name typename, t.id typeid, u.nickname, u.avatar from t_blog b, t_type t, t_user u where b.type_id = t.id and u.id = b.user_id and b.type_id = ? order by b.update_time desc LIMIT ?
2022-06-12 20:53:08.901 DEBUG 18676 --- [http-nio-80-exec-6] com.jhm.dao.BlogDao.getByTypeId          : ==> Parameters: 4(Long), 5(Integer)
2022-06-12 20:53:08.902 DEBUG 18676 --- [http-nio-80-exec-6] com.jhm.dao.BlogDao.getByTypeId          : <==      Total: 2
2022-06-12 20:53:08.903  INFO 18676 --- [http-nio-80-exec-6] com.jhm.aspect.LogAspect                 : Result:types
2022-06-12 20:53:16.659  INFO 18676 --- [http-nio-80-exec-3] com.jhm.aspect.LogAspect                 : Request : RequestLog{url='http://localhost/tags/-1', ip='0:0:0:0:0:0:0:1', classMethod='com.jhm.controller.TagShowController.tags', args=[-1, 1, {}]}
2022-06-12 20:53:16.660 DEBUG 18676 --- [http-nio-80-exec-3] com.jhm.dao.TagDao.getBlogTag            : ==>  Preparing: select * from t_tag t, t_blog b, t_blog_tags bt where t.id = bt.tag_id and b.id = bt.blog_id
2022-06-12 20:53:16.660 DEBUG 18676 --- [http-nio-80-exec-3] com.jhm.dao.TagDao.getBlogTag            : ==> Parameters: 
2022-06-12 20:53:16.662 DEBUG 18676 --- [http-nio-80-exec-3] com.jhm.dao.TagDao.getBlogTag            : <==      Total: 6
2022-06-12 20:53:16.664 DEBUG 18676 --- [http-nio-80-exec-3] com.jhm.dao.BlogDao.getByTagId_COUNT     : ==>  Preparing: SELECT count(0) FROM t_blog b, t_type t, t_user u, t_blog_tags tb, t_tag t1 WHERE b.type_id = t.id AND u.id = b.user_id AND tb.blog_id = b.id AND tb.tag_id = t1.id AND t1.id = ?
2022-06-12 20:53:16.664 DEBUG 18676 --- [http-nio-80-exec-3] com.jhm.dao.BlogDao.getByTagId_COUNT     : ==> Parameters: 1(Long)
2022-06-12 20:53:16.665 DEBUG 18676 --- [http-nio-80-exec-3] com.jhm.dao.BlogDao.getByTagId_COUNT     : <==      Total: 1
2022-06-12 20:53:16.666 DEBUG 18676 --- [http-nio-80-exec-3] com.jhm.dao.BlogDao.getByTagId           : ==>  Preparing: select b.*, t.name typename, t.id typeid, t1.name tagname, t1.id tagid, u.nickname, u.avatar from t_blog b, t_type t, t_user u, t_blog_tags tb, t_tag t1 where b.type_id = t.id and u.id = b.user_id and tb.blog_id = b.id and tb.tag_id = t1.id and t1.id = ? order by b.update_time desc LIMIT ?
2022-06-12 20:53:16.666 DEBUG 18676 --- [http-nio-80-exec-3] com.jhm.dao.BlogDao.getByTagId           : ==> Parameters: 1(Long), 5(Integer)
2022-06-12 20:53:16.670 DEBUG 18676 --- [http-nio-80-exec-3] com.jhm.dao.BlogDao.getByTagId           : <==      Total: 3
2022-06-12 20:53:16.670  INFO 18676 --- [http-nio-80-exec-3] com.jhm.aspect.LogAspect                 : Result:tags
2022-06-12 20:53:17.939  INFO 18676 --- [http-nio-80-exec-8] com.jhm.aspect.LogAspect                 : Request : RequestLog{url='http://localhost/tags/3', ip='0:0:0:0:0:0:0:1', classMethod='com.jhm.controller.TagShowController.tags', args=[3, 1, {}]}
2022-06-12 20:53:17.940 DEBUG 18676 --- [http-nio-80-exec-8] com.jhm.dao.TagDao.getBlogTag            : ==>  Preparing: select * from t_tag t, t_blog b, t_blog_tags bt where t.id = bt.tag_id and b.id = bt.blog_id
2022-06-12 20:53:17.940 DEBUG 18676 --- [http-nio-80-exec-8] com.jhm.dao.TagDao.getBlogTag            : ==> Parameters: 
2022-06-12 20:53:17.942 DEBUG 18676 --- [http-nio-80-exec-8] com.jhm.dao.TagDao.getBlogTag            : <==      Total: 6
2022-06-12 20:53:17.944 DEBUG 18676 --- [http-nio-80-exec-8] com.jhm.dao.BlogDao.getByTagId_COUNT     : ==>  Preparing: SELECT count(0) FROM t_blog b, t_type t, t_user u, t_blog_tags tb, t_tag t1 WHERE b.type_id = t.id AND u.id = b.user_id AND tb.blog_id = b.id AND tb.tag_id = t1.id AND t1.id = ?
2022-06-12 20:53:17.944 DEBUG 18676 --- [http-nio-80-exec-8] com.jhm.dao.BlogDao.getByTagId_COUNT     : ==> Parameters: 3(Long)
2022-06-12 20:53:17.945 DEBUG 18676 --- [http-nio-80-exec-8] com.jhm.dao.BlogDao.getByTagId_COUNT     : <==      Total: 1
2022-06-12 20:53:17.946 DEBUG 18676 --- [http-nio-80-exec-8] com.jhm.dao.BlogDao.getByTagId           : ==>  Preparing: select b.*, t.name typename, t.id typeid, t1.name tagname, t1.id tagid, u.nickname, u.avatar from t_blog b, t_type t, t_user u, t_blog_tags tb, t_tag t1 where b.type_id = t.id and u.id = b.user_id and tb.blog_id = b.id and tb.tag_id = t1.id and t1.id = ? order by b.update_time desc LIMIT ?
2022-06-12 20:53:17.946 DEBUG 18676 --- [http-nio-80-exec-8] com.jhm.dao.BlogDao.getByTagId           : ==> Parameters: 3(Long), 5(Integer)
2022-06-12 20:53:17.948 DEBUG 18676 --- [http-nio-80-exec-8] com.jhm.dao.BlogDao.getByTagId           : <==      Total: 1
2022-06-12 20:53:17.948  INFO 18676 --- [http-nio-80-exec-8] com.jhm.aspect.LogAspect                 : Result:tags
2022-06-12 20:53:23.778  INFO 18676 --- [http-nio-80-exec-2] com.jhm.aspect.LogAspect                 : Request : RequestLog{url='http://localhost/tags/2', ip='0:0:0:0:0:0:0:1', classMethod='com.jhm.controller.TagShowController.tags', args=[2, 1, {}]}
2022-06-12 20:53:23.778 DEBUG 18676 --- [http-nio-80-exec-2] com.jhm.dao.TagDao.getBlogTag            : ==>  Preparing: select * from t_tag t, t_blog b, t_blog_tags bt where t.id = bt.tag_id and b.id = bt.blog_id
2022-06-12 20:53:23.779 DEBUG 18676 --- [http-nio-80-exec-2] com.jhm.dao.TagDao.getBlogTag            : ==> Parameters: 
2022-06-12 20:53:23.781 DEBUG 18676 --- [http-nio-80-exec-2] com.jhm.dao.TagDao.getBlogTag            : <==      Total: 6
2022-06-12 20:53:23.782 DEBUG 18676 --- [http-nio-80-exec-2] com.jhm.dao.BlogDao.getByTagId_COUNT     : ==>  Preparing: SELECT count(0) FROM t_blog b, t_type t, t_user u, t_blog_tags tb, t_tag t1 WHERE b.type_id = t.id AND u.id = b.user_id AND tb.blog_id = b.id AND tb.tag_id = t1.id AND t1.id = ?
2022-06-12 20:53:23.783 DEBUG 18676 --- [http-nio-80-exec-2] com.jhm.dao.BlogDao.getByTagId_COUNT     : ==> Parameters: 2(Long)
2022-06-12 20:53:23.784 DEBUG 18676 --- [http-nio-80-exec-2] com.jhm.dao.BlogDao.getByTagId_COUNT     : <==      Total: 1
2022-06-12 20:53:23.784 DEBUG 18676 --- [http-nio-80-exec-2] com.jhm.dao.BlogDao.getByTagId           : ==>  Preparing: select b.*, t.name typename, t.id typeid, t1.name tagname, t1.id tagid, u.nickname, u.avatar from t_blog b, t_type t, t_user u, t_blog_tags tb, t_tag t1 where b.type_id = t.id and u.id = b.user_id and tb.blog_id = b.id and tb.tag_id = t1.id and t1.id = ? order by b.update_time desc LIMIT ?
2022-06-12 20:53:23.784 DEBUG 18676 --- [http-nio-80-exec-2] com.jhm.dao.BlogDao.getByTagId           : ==> Parameters: 2(Long), 5(Integer)
2022-06-12 20:53:23.786 DEBUG 18676 --- [http-nio-80-exec-2] com.jhm.dao.BlogDao.getByTagId           : <==      Total: 2
2022-06-12 20:53:23.786  INFO 18676 --- [http-nio-80-exec-2] com.jhm.aspect.LogAspect                 : Result:tags
2022-06-12 20:53:32.823  INFO 18676 --- [http-nio-80-exec-3] com.jhm.aspect.LogAspect                 : Request : RequestLog{url='http://localhost/archives', ip='0:0:0:0:0:0:0:1', classMethod='com.jhm.controller.ArchiveShowController.archives', args=[{}]}
2022-06-12 20:53:32.824 DEBUG 18676 --- [http-nio-80-exec-3] com.jhm.dao.BlogDao.findGroupYear        : ==>  Preparing: select DATE_FORMAT(b.update_time, '%Y') from t_blog b order by b.update_time desc
2022-06-12 20:53:32.824 DEBUG 18676 --- [http-nio-80-exec-3] com.jhm.dao.BlogDao.findGroupYear        : ==> Parameters: 
2022-06-12 20:53:32.825 DEBUG 18676 --- [http-nio-80-exec-3] com.jhm.dao.BlogDao.findGroupYear        : <==      Total: 5
2022-06-12 20:53:32.826 DEBUG 18676 --- [http-nio-80-exec-3] com.jhm.dao.BlogDao.findByYear           : ==>  Preparing: select * from t_blog where DATE_FORMAT(t_blog.update_time, "%Y") = ?
2022-06-12 20:53:32.827 DEBUG 18676 --- [http-nio-80-exec-3] com.jhm.dao.BlogDao.findByYear           : ==> Parameters: 2022(String)
2022-06-12 20:53:32.829 DEBUG 18676 --- [http-nio-80-exec-3] com.jhm.dao.BlogDao.findByYear           : <==      Total: 5
2022-06-12 20:53:32.830 DEBUG 18676 --- [http-nio-80-exec-3] com.jhm.dao.BlogDao.getAll               : ==>  Preparing: select b.*,t.name typename from t_blog b,t_type t where b.type_id=t.id
2022-06-12 20:53:32.830 DEBUG 18676 --- [http-nio-80-exec-3] com.jhm.dao.BlogDao.getAll               : ==> Parameters: 
2022-06-12 20:53:32.832 DEBUG 18676 --- [http-nio-80-exec-3] com.jhm.dao.BlogDao.getAll               : <==      Total: 5
2022-06-12 20:53:32.833  INFO 18676 --- [http-nio-80-exec-3] com.jhm.aspect.LogAspect                 : Result:archives
2022-06-12 20:53:39.066  INFO 18676 --- [http-nio-80-exec-8] com.jhm.aspect.LogAspect                 : Request : RequestLog{url='http://localhost/about', ip='0:0:0:0:0:0:0:1', classMethod='com.jhm.controller.AboutController.about', args=[]}
2022-06-12 20:53:39.068  INFO 18676 --- [http-nio-80-exec-8] com.jhm.aspect.LogAspect                 : Result:about
